2025-09-08 22:08:59.031 WARNING (SyncWorker_0) [homeassistant.loader] We found a custom integration voice_streaming which has not been tested by Home Assistant. This component might cause stability problems, be sure to disable it if you experience issues with Home Assistant
2025-09-08 22:08:59.923 INFO (MainThread) [homeassistant.setup] Setup of domain http took 0.05 seconds
2025-09-08 22:08:59.923 INFO (MainThread) [homeassistant.setup] Setup of domain system_log took 0.05 seconds
2025-09-08 22:08:59.923 INFO (MainThread) [homeassistant.setup] Setup of domain logger took 0.05 seconds
2025-09-08 22:08:59.923 INFO (MainThread) [homeassistant.setup] Setting up websocket_api
2025-09-08 22:08:59.924 INFO (MainThread) [homeassistant.setup] Setup of domain websocket_api took 0.00 seconds
2025-09-08 22:08:59.924 INFO (MainThread) [homeassistant.setup] Setting up network
2025-09-08 22:08:59.925 INFO (MainThread) [homeassistant.setup] Setup of domain network took 0.00 seconds
2025-09-08 22:08:59.926 INFO (MainThread) [homeassistant.bootstrap] Setting up stage frontend: {'frontend'}; already set up: {}
Dependencies: {'config', 'repairs', 'diagnostics', 'lovelace', 'search', 'api', 'file_upload', 'auth', 'onboarding', 'device_automation'}; already set up: {'websocket_api', 'system_log', 'http'}
2025-09-08 22:08:59.926 INFO (MainThread) [homeassistant.setup] Setting up config
2025-09-08 22:08:59.928 INFO (MainThread) [homeassistant.setup] Setup of domain config took 0.00 seconds
2025-09-08 22:08:59.928 INFO (MainThread) [homeassistant.setup] Setting up repairs
2025-09-08 22:08:59.929 INFO (MainThread) [homeassistant.setup] Setup of domain repairs took 0.00 seconds
2025-09-08 22:08:59.929 INFO (MainThread) [homeassistant.setup] Setting up diagnostics
2025-09-08 22:08:59.930 INFO (MainThread) [homeassistant.setup] Setup of domain diagnostics took 0.00 seconds
2025-09-08 22:08:59.930 INFO (MainThread) [homeassistant.setup] Setting up auth
2025-09-08 22:08:59.930 INFO (MainThread) [homeassistant.setup] Setup of domain auth took 0.00 seconds
2025-09-08 22:08:59.931 INFO (MainThread) [homeassistant.setup] Setting up onboarding
2025-09-08 22:08:59.931 INFO (MainThread) [homeassistant.setup] Setup of domain onboarding took 0.00 seconds
2025-09-08 22:08:59.931 INFO (MainThread) [homeassistant.setup] Setting up lovelace
2025-09-08 22:08:59.932 INFO (MainThread) [homeassistant.setup] Setting up search
2025-09-08 22:08:59.932 INFO (MainThread) [homeassistant.setup] Setup of domain search took 0.00 seconds
2025-09-08 22:08:59.932 INFO (MainThread) [homeassistant.setup] Setting up api
2025-09-08 22:08:59.933 INFO (MainThread) [homeassistant.setup] Setup of domain api took 0.00 seconds
2025-09-08 22:08:59.933 INFO (MainThread) [homeassistant.setup] Setting up file_upload
2025-09-08 22:08:59.934 INFO (MainThread) [homeassistant.setup] Setup of domain file_upload took 0.00 seconds
2025-09-08 22:08:59.934 INFO (MainThread) [homeassistant.setup] Setting up device_automation
2025-09-08 22:08:59.934 INFO (MainThread) [homeassistant.setup] Setup of domain device_automation took 0.00 seconds
2025-09-08 22:08:59.935 INFO (MainThread) [homeassistant.setup] Setup of domain lovelace took 0.00 seconds
2025-09-08 22:08:59.935 INFO (MainThread) [homeassistant.setup] Setting up frontend
2025-09-08 22:08:59.944 INFO (MainThread) [homeassistant.setup] Setup of domain frontend took 0.01 seconds
2025-09-08 22:08:59.945 INFO (MainThread) [homeassistant.bootstrap] Setting up stage recorder: {'recorder'}; already set up: {}
Dependencies: {}; already set up: {}
2025-09-08 22:08:59.945 INFO (MainThread) [homeassistant.setup] Setting up recorder
2025-09-08 22:08:59.947 INFO (MainThread) [homeassistant.components.http] Now listening on port 8123
2025-09-08 22:08:59.948 INFO (MainThread) [homeassistant.setup] Setup of domain http took 0.00 seconds
2025-09-08 22:08:59.949 WARNING (Recorder) [homeassistant.components.recorder.util] The system could not validate that the sqlite3 database at //config/home-assistant_v2.db was shutdown cleanly
2025-09-08 22:08:59.972 WARNING (Recorder) [homeassistant.components.recorder.util] Ended unfinished session (id=53 from 2025-09-08 13:57:17.821568)
2025-09-08 22:08:59.985 INFO (MainThread) [homeassistant.setup] Setup of domain recorder took 0.04 seconds
2025-09-08 22:08:59.985 INFO (MainThread) [homeassistant.bootstrap] Nothing to set up in stage debugger: {'debugpy'}
2025-09-08 22:08:59.985 INFO (MainThread) [homeassistant.bootstrap] Setting up stage zeroconf: {'zeroconf'}; already set up: {}
Dependencies: {}; already set up: {'websocket_api', 'network', 'http', 'api'}
2025-09-08 22:08:59.986 INFO (MainThread) [homeassistant.setup] Setting up zeroconf
2025-09-08 22:08:59.988 INFO (MainThread) [homeassistant.components.zeroconf] Starting Zeroconf broadcast
2025-09-08 22:08:59.988 INFO (MainThread) [homeassistant.setup] Setup of domain zeroconf took 0.00 seconds
2025-09-08 22:08:59.988 INFO (MainThread) [homeassistant.bootstrap] Setting up stage 1: {'usb', 'ssdp', 'cloud', 'dhcp', 'bluetooth'}; already set up: {}
Dependencies: {'conversation', 'tts', 'backup', 'stt', 'assist_pipeline', 'ffmpeg', 'wake_word', 'webhook', 'intent'}; already set up: {'repairs', 'http', 'auth', 'network', 'websocket_api'}
2025-09-08 22:08:59.990 INFO (MainThread) [homeassistant.setup] Setting up backup
2025-09-08 22:08:59.990 INFO (MainThread) [homeassistant.setup] Setting up webhook
2025-09-08 22:08:59.991 INFO (MainThread) [homeassistant.setup] Setup of domain webhook took 0.00 seconds
2025-09-08 22:08:59.994 INFO (MainThread) [homeassistant.setup] Setup of domain backup took 0.00 seconds
2025-09-08 22:09:00.012 INFO (MainThread) [homeassistant.setup] Setting up intent
2025-09-08 22:09:00.013 INFO (MainThread) [homeassistant.setup] Setup of domain intent took 0.00 seconds
2025-09-08 22:09:00.024 INFO (MainThread) [homeassistant.setup] Setting up ffmpeg
2025-09-08 22:09:00.024 INFO (MainThread) [homeassistant.setup] Setup of domain ffmpeg took 0.00 seconds
2025-09-08 22:09:00.027 INFO (MainThread) [homeassistant.setup] Setting up stt
2025-09-08 22:09:00.028 INFO (MainThread) [homeassistant.setup] Setup of domain stt took 0.00 seconds
2025-09-08 22:09:00.031 INFO (MainThread) [homeassistant.setup] Setting up wake_word
2025-09-08 22:09:00.031 INFO (MainThread) [homeassistant.setup] Setup of domain wake_word took 0.00 seconds
2025-09-08 22:09:00.079 INFO (MainThread) [homeassistant.setup] Setting up usb
2025-09-08 22:09:00.079 INFO (MainThread) [homeassistant.setup] Setup of domain usb took 0.00 seconds
2025-09-08 22:09:00.157 INFO (MainThread) [homeassistant.setup] Setting up ssdp
2025-09-08 22:09:00.161 INFO (MainThread) [homeassistant.setup] Setup of domain ssdp took 0.00 seconds
2025-09-08 22:09:00.639 INFO (MainThread) [homeassistant.setup] Setting up dhcp
2025-09-08 22:09:00.640 INFO (MainThread) [homeassistant.setup] Setup of domain dhcp took 0.00 seconds
2025-09-08 22:09:00.711 INFO (MainThread) [homeassistant.setup] Setting up conversation
2025-09-08 22:09:00.711 INFO (MainThread) [homeassistant.setup] Setup of domain conversation took 0.00 seconds
2025-09-08 22:09:00.741 INFO (MainThread) [homeassistant.setup] Setting up tts
2025-09-08 22:09:00.745 INFO (MainThread) [homeassistant.setup] Setup of domain tts took 0.00 seconds
2025-09-08 22:09:00.750 INFO (MainThread) [homeassistant.setup] Setting up bluetooth
2025-09-08 22:09:00.764 INFO (MainThread) [homeassistant.setup] Setting up event
2025-09-08 22:09:00.765 INFO (MainThread) [homeassistant.setup] Setup of domain event took 0.00 seconds
2025-09-08 22:09:00.765 INFO (MainThread) [homeassistant.components.event] Setting up backup.event
2025-09-08 22:09:00.766 INFO (MainThread) [homeassistant.setup] Setting up sensor
2025-09-08 22:09:00.766 INFO (MainThread) [homeassistant.setup] Setup of domain sensor took 0.00 seconds
2025-09-08 22:09:00.767 INFO (MainThread) [homeassistant.components.sensor] Setting up backup.sensor
2025-09-08 22:09:00.833 INFO (MainThread) [homeassistant.setup] Setup of domain bluetooth took 0.08 seconds
2025-09-08 22:09:00.841 INFO (MainThread) [homeassistant.setup] Setting up assist_pipeline
2025-09-08 22:09:00.843 INFO (MainThread) [homeassistant.setup] Setup of domain assist_pipeline took 0.00 seconds
2025-09-08 22:09:01.202 INFO (MainThread) [homeassistant.setup] Setting up cloud
2025-09-08 22:09:01.203 INFO (MainThread) [homeassistant.setup] Setup of domain cloud took 0.00 seconds
2025-09-08 22:09:01.203 INFO (MainThread) [homeassistant.bootstrap] Setting up stage 2: {'person', 'timer', 'hardware', 'schedule', 'input_datetime', 'input_text', 'application_credentials', 'radio_browser', 'input_select', 'shopping_list', 'default_config', 'zone', 'panel_custom', 'input_number', 'input_button', 'sun', 'analytics', 'go2rtc', 'tag', 'voice_streaming', 'system_health', 'google_translate', 'counter', 'input_boolean', 'automation', 'script', 'met', 'scene'}; already set up: {'backup', 'api', 'http', 'logger', 'frontend', 'network', 'websocket_api', 'bluetooth'}
Dependencies: {'trace', 'mobile_app', 'my', 'image_upload', 'media_source', 'homeassistant_alerts', 'logbook', 'blueprint', 'history', 'camera', 'stream', 'energy'}; already set up: {'conversation', 'tts', 'repairs', 'ssdp', 'http', 'assist_pipeline', 'ffmpeg', 'wake_word', 'recorder', 'cloud', 'search', 'api', 'file_upload', 'stt', 'webhook', 'dhcp', 'onboarding', 'websocket_api', 'zeroconf', 'config', 'lovelace', 'network', 'intent', 'device_automation', 'bluetooth', 'backup', 'usb', 'diagnostics', 'system_log', 'auth', 'frontend'}
2025-09-08 22:09:01.203 INFO (MainThread) [homeassistant.setup] Setting up camera
2025-09-08 22:09:01.204 INFO (MainThread) [homeassistant.setup] Setup of domain camera took 0.00 seconds
2025-09-08 22:09:01.205 INFO (MainThread) [homeassistant.setup] Setting up scene
2025-09-08 22:09:01.205 INFO (MainThread) [homeassistant.components.scene] Setting up homeassistant.scene
2025-09-08 22:09:01.206 INFO (MainThread) [homeassistant.setup] Setup of domain scene took 0.00 seconds
2025-09-08 22:09:01.206 INFO (MainThread) [homeassistant.setup] Setting up image_upload
2025-09-08 22:09:01.206 INFO (MainThread) [homeassistant.setup] Setup of domain image_upload took 0.00 seconds
2025-09-08 22:09:01.206 INFO (MainThread) [homeassistant.setup] Setting up person
2025-09-08 22:09:01.207 INFO (MainThread) [homeassistant.setup] Setting up timer
2025-09-08 22:09:01.207 INFO (MainThread) [homeassistant.setup] Setup of domain timer took 0.00 seconds
2025-09-08 22:09:01.208 INFO (MainThread) [homeassistant.setup] Setting up stream
2025-09-08 22:09:01.208 INFO (MainThread) [homeassistant.setup] Setting up input_select
2025-09-08 22:09:01.209 INFO (MainThread) [homeassistant.setup] Setup of domain input_select took 0.00 seconds
2025-09-08 22:09:01.209 INFO (MainThread) [homeassistant.setup] Setting up history
2025-09-08 22:09:01.209 INFO (MainThread) [homeassistant.setup] Setup of domain history took 0.00 seconds
2025-09-08 22:09:01.209 INFO (MainThread) [homeassistant.setup] Setting up logbook
2025-09-08 22:09:01.210 INFO (MainThread) [homeassistant.setup] Setup of domain logbook took 0.00 seconds
2025-09-08 22:09:01.210 INFO (MainThread) [homeassistant.setup] Setting up media_source
2025-09-08 22:09:01.210 INFO (MainThread) [homeassistant.setup] Setup of domain media_source took 0.00 seconds
2025-09-08 22:09:01.210 INFO (MainThread) [homeassistant.setup] Setting up zone
2025-09-08 22:09:01.211 INFO (MainThread) [homeassistant.setup] Setup of domain zone took 0.00 seconds
2025-09-08 22:09:01.211 INFO (MainThread) [homeassistant.setup] Setting up panel_custom
2025-09-08 22:09:01.211 INFO (MainThread) [homeassistant.setup] Setup of domain panel_custom took 0.00 seconds
2025-09-08 22:09:01.211 INFO (MainThread) [homeassistant.setup] Setting up input_number
2025-09-08 22:09:01.212 INFO (MainThread) [homeassistant.setup] Setup of domain input_number took 0.00 seconds
2025-09-08 22:09:01.212 INFO (MainThread) [homeassistant.setup] Setting up input_button
2025-09-08 22:09:01.212 INFO (MainThread) [homeassistant.setup] Setup of domain input_button took 0.00 seconds
2025-09-08 22:09:01.212 INFO (MainThread) [homeassistant.setup] Setting up blueprint
2025-09-08 22:09:01.212 INFO (MainThread) [homeassistant.setup] Setup of domain blueprint took 0.00 seconds
2025-09-08 22:09:01.212 INFO (MainThread) [homeassistant.setup] Setting up trace
2025-09-08 22:09:01.212 INFO (MainThread) [homeassistant.setup] Setup of domain trace took 0.00 seconds
2025-09-08 22:09:01.212 INFO (MainThread) [homeassistant.setup] Setting up system_health
2025-09-08 22:09:01.213 INFO (MainThread) [homeassistant.setup] Setup of domain system_health took 0.00 seconds
2025-09-08 22:09:01.213 INFO (MainThread) [homeassistant.setup] Setting up input_boolean
2025-09-08 22:09:01.213 INFO (MainThread) [homeassistant.setup] Setup of domain input_boolean took 0.00 seconds
2025-09-08 22:09:01.213 INFO (MainThread) [homeassistant.setup] Setting up automation
2025-09-08 22:09:01.214 INFO (MainThread) [homeassistant.setup] Setup of domain automation took 0.00 seconds
2025-09-08 22:09:01.214 INFO (MainThread) [homeassistant.setup] Setting up script
2025-09-08 22:09:01.214 INFO (MainThread) [homeassistant.setup] Setup of domain script took 0.00 seconds
2025-09-08 22:09:01.217 INFO (MainThread) [homeassistant.setup] Setup of domain person took 0.01 seconds
2025-09-08 22:09:01.223 INFO (MainThread) [homeassistant.setup] Setting up tag
2025-09-08 22:09:01.224 INFO (MainThread) [homeassistant.setup] Setup of domain tag took 0.00 seconds
2025-09-08 22:09:01.276 INFO (MainThread) [homeassistant.setup] Setting up my
2025-09-08 22:09:01.277 INFO (MainThread) [homeassistant.setup] Setup of domain my took 0.00 seconds
2025-09-08 22:09:01.289 INFO (MainThread) [homeassistant.setup] Setting up hardware
2025-09-08 22:09:01.316 INFO (MainThread) [homeassistant.setup] Setting up schedule
2025-09-08 22:09:01.317 INFO (MainThread) [homeassistant.setup] Setup of domain schedule took 0.00 seconds
2025-09-08 22:09:01.322 INFO (MainThread) [homeassistant.setup] Setting up input_datetime
2025-09-08 22:09:01.323 INFO (MainThread) [homeassistant.setup] Setup of domain input_datetime took 0.00 seconds
2025-09-08 22:09:01.371 INFO (MainThread) [homeassistant.setup] Setting up input_text
2025-09-08 22:09:01.372 INFO (MainThread) [homeassistant.setup] Setup of domain input_text took 0.00 seconds
2025-09-08 22:09:01.386 INFO (MainThread) [homeassistant.setup] Setting up homeassistant_alerts
2025-09-08 22:09:01.387 INFO (MainThread) [homeassistant.setup] Setup of domain homeassistant_alerts took 0.00 seconds
2025-09-08 22:09:01.391 INFO (MainThread) [homeassistant.setup] Setting up application_credentials
2025-09-08 22:09:01.392 INFO (MainThread) [homeassistant.setup] Setup of domain application_credentials took 0.00 seconds
2025-09-08 22:09:01.392 INFO (MainThread) [homeassistant.setup] Setup of domain hardware took 0.10 seconds
2025-09-08 22:09:01.461 INFO (MainThread) [homeassistant.setup] Setup of domain stream took 0.25 seconds
2025-09-08 22:09:01.591 INFO (MainThread) [homeassistant.setup] Setting up radio_browser
2025-09-08 22:09:01.591 INFO (MainThread) [homeassistant.setup] Setup of domain radio_browser took 0.00 seconds
2025-09-08 22:09:01.591 INFO (MainThread) [homeassistant.setup] Setting up shopping_list
2025-09-08 22:09:01.592 INFO (MainThread) [homeassistant.setup] Setup of domain shopping_list took 0.00 seconds
2025-09-08 22:09:01.599 INFO (MainThread) [homeassistant.setup] Setting up energy
2025-09-08 22:09:01.599 INFO (MainThread) [homeassistant.setup] Setup of domain energy took 0.00 seconds
2025-09-08 22:09:01.633 INFO (MainThread) [homeassistant.setup] Setting up go2rtc
2025-09-08 22:09:01.635 INFO (MainThread) [homeassistant.setup] Setting up sun
2025-09-08 22:09:01.635 INFO (MainThread) [homeassistant.setup] Setup of domain sun took 0.00 seconds
2025-09-08 22:09:01.636 INFO (MainThread) [homeassistant.setup] Setting up binary_sensor
2025-09-08 22:09:01.636 INFO (MainThread) [homeassistant.setup] Setup of domain binary_sensor took 0.00 seconds
2025-09-08 22:09:01.637 INFO (MainThread) [homeassistant.components.binary_sensor] Setting up sun.binary_sensor
2025-09-08 22:09:01.637 INFO (MainThread) [homeassistant.components.sensor] Setting up sun.sensor
2025-09-08 22:09:01.642 INFO (MainThread) [homeassistant.setup] Setting up voice_streaming
2025-09-08 22:09:01.642 INFO (MainThread) [homeassistant.setup] Setup of domain voice_streaming took 0.00 seconds
2025-09-08 22:09:01.646 INFO (MainThread) [homeassistant.setup] Setting up google_translate
2025-09-08 22:09:01.646 INFO (MainThread) [homeassistant.setup] Setup of domain google_translate took 0.00 seconds
2025-09-08 22:09:01.649 INFO (MainThread) [homeassistant.setup] Setting up counter
2025-09-08 22:09:01.650 INFO (MainThread) [homeassistant.setup] Setup of domain counter took 0.00 seconds
2025-09-08 22:09:01.660 INFO (MainThread) [homeassistant.setup] Setting up met
2025-09-08 22:09:01.660 INFO (MainThread) [homeassistant.setup] Setup of domain met took 0.00 seconds
2025-09-08 22:09:01.699 INFO (MainThread) [homeassistant.setup] Setting up mobile_app
2025-09-08 22:09:01.700 INFO (MainThread) [homeassistant.setup] Setting up notify
2025-09-08 22:09:01.700 INFO (MainThread) [homeassistant.setup] Setup of domain notify took 0.00 seconds
2025-09-08 22:09:01.700 INFO (MainThread) [homeassistant.setup] Setup of domain mobile_app took 0.00 seconds
2025-09-08 22:09:01.700 INFO (MainThread) [homeassistant.components.notify] Setting up notify.mobile_app
2025-09-08 22:09:01.701 INFO (MainThread) [homeassistant.setup] Setting up todo
2025-09-08 22:09:01.702 INFO (MainThread) [homeassistant.setup] Setup of domain todo took 0.00 seconds
2025-09-08 22:09:01.703 INFO (MainThread) [homeassistant.components.todo] Setting up shopping_list.todo
2025-09-08 22:09:01.704 INFO (MainThread) [homeassistant.components.sensor] Setting up energy.sensor
2025-09-08 22:09:01.709 INFO (MainThread) [homeassistant.setup] Setting up analytics
2025-09-08 22:09:01.709 INFO (MainThread) [homeassistant.setup] Setup of domain analytics took 0.00 seconds
2025-09-08 22:09:01.727 INFO (MainThread) [homeassistant.components.tts] Setting up google_translate.tts
2025-09-08 22:09:01.790 INFO (MainThread) [homeassistant.setup] Setup of domain go2rtc took 0.16 seconds
2025-09-08 22:09:01.792 INFO (MainThread) [homeassistant.setup] Setting up default_config
2025-09-08 22:09:01.792 INFO (MainThread) [homeassistant.setup] Setup of domain default_config took 0.00 seconds
2025-09-08 22:09:04.947 INFO (MainThread) [homeassistant.setup] Setting up weather
2025-09-08 22:09:04.948 INFO (MainThread) [homeassistant.setup] Setup of domain weather took 0.00 seconds
2025-09-08 22:09:04.948 INFO (MainThread) [homeassistant.components.weather] Setting up met.weather
2025-09-08 22:09:06.566 INFO (MainThread) [homeassistant.bootstrap] Home Assistant initialized in 7.54s
2025-09-08 22:09:06.567 INFO (MainThread) [homeassistant.core] Starting Home Assistant 2025.8.3
